2013 11 29  56625 0.05754 .00009 0.29333 .00009 -0.059233 0.000007          
2013 11 30  56626 0.05762 .00009 0.29376 .00009 -0.060634 0.000008          
2013 12  1  56627 0.05786 .00009 0.29422 .00009 -0.061974 0.000005          
2013 12  2  56628 0.05776 .00009 0.29487 .00009 -0.063260 0.000003          
2013 12  3  56629 0.05728 .00009 0.29562 .00009 -0.064464 0.000003          
2013 12  4  56630 0.05703 .00009 0.29644 .00009 -0.065599 0.000003          
2013 12  5  56631 0.05713 .00009 0.29740 .00009 -0.066749 0.000055          
2013 12  6  56632 0.05712 .00009 0.29871 .00009 -0.067931 0.000006          
2013 12  7  56633 0.05704 .00009 0.30035 .00009 -0.069253 0.000009          
2013 12  8  56634 0.05705 .00009 0.30157 .00009 -0.070659 0.000010          
2013 12  9  56635 0.05716 .00009 0.30259 .00009 -0.072079 0.000006          
2013 12 10  56636 0.05709 .00009 0.30385 .00009 -0.073456 0.000006          
2013 12 11  56637 0.05695 .00009 0.30514 .00009 -0.074756 0.000006          
2013 12 12  56638 0.05686 .00009 0.30629 .00009 -0.075953 0.000055          
2013 12 13  56639 0.05651 .00009 0.30729 .00009 -0.077050 0.000008          
2013 12 14  56640 0.05574 .00009 0.30820 .00009 -0.078032 0.000007          
2013 12 15  56641 0.05461 .00009 0.30863 .00009 -0.078876 0.000006          
2013 12 16  56642 0.05324 .00009 0.30851 .00009 -0.079598 0.000004          
2013 12 17  56643 0.05170 .00009 0.30817 .00009 -0.080239 0.000004          
2013 12 18  56644 0.05000 .00009 0.30805 .00009 -0.080839 0.000004          
2013 12 19  56645 0.04830 .00009 0.30814 .00009 -0.081471 0.000004          
2013 12 20  56646 0.04713 .00009 0.30862 .00009 -0.082184 0.000004          
2013 12 21  56647 0.04612 .00009 0.30912 .00009 -0.083038 0.000005          
2013 12 22  56648 0.04521 .00009 0.30972 .00009 -0.084036 0.000003          
2013 12 23  56649 0.04434 .00009 0.31041 .00009 -0.085159 0.000003          
2013 12 24  56650 0.04353 .00009 0.31123 .00009 -0.086398 0.000003          
2013 12 25  56651 0.04269 .00009 0.31230 .00009 -0.087716 0.000065          
2013 12 26  56652 0.04178 .00009 0.31348 .00009 -0.089088 0.000055          
2013 12 27  56653 0.04109 .00009 0.31480 .00009 -0.090514 0.000010          
2013 12 28  56654 0.04052 .00009 0.31594 .00009 -0.091947 0.000010          
2013 12 29  56655 0.04009 .00009 0.31682 .00009 -0.093350 0.000009          
2013 12 30  56656 0.03958 .00009 0.31763 .00009 -0.094660 0.000007          
2013 12 31  56657 0.03903 .00009 0.31825 .00009 -0.095874 0.000007          
2014  1  1  56658 0.03866 .00009 0.31884 .00009 -0.097036 0.000006          
2014  1  2  56659 0.03837 .00009 0.31956 .00009 -0.098228 0.000055          
2014  1  3  56660 0.03780 .00009 0.32032 .00009 -0.099509 0.000015          
2014  1  4  56661 0.03718 .00009 0.32077 .00009 -0.100832 0.000015          
2014  1  5  56662 0.03668 .00009 0.32120 .00009 -0.102233 0.000013          
2014  1  6  56663 0.03610 .00009 0.32186 .00009 -0.103644 0.000012          
2014  1  7  56664 0.03526 .00009 0.32279 .00009 -0.104978 0.000011          
2014  1  8  56665 0.03439 .00009 0.32389 .00009 -0.106165 0.000009          
2014  1  9  56666 0.03379 .00009 0.32495 .00009 -0.107195 0.000008          
2014  1 10  56667 0.03349 .00009 0.32641 .00010 -0.108099 0.000013          
2014  1 11  56668 0.03276 .00009 0.32780 .00009 -0.108848 0.000014          
2014  1 12  56669 0.03162 .00009 0.32896 .00009 -0.109453 0.000011          
2014  1 13  56670 0.03038 .00009 0.32995 .00009 -0.110025 0.000007          
2014  1 14  56671 0.02944 .00009 0.33075 .00009 -0.110587 0.000005          
2014  1 15  56672 0.02853 .00009 0.33171 .00009 -0.111176 0.000004          
2014  1 16  56673 0.02739 .00009 0.33269 .00009 -0.111845 0.000055          
2014  1 17  56674 0.02664 .00009 0.33374 .00009 -0.112586 0.000012          
2014  1 18  56675 0.02584 .00009 0.33507 .00009 -0.113490 0.000013          
2014  1 19  56676 0.02483 .00009 0.33633 .00009 -0.114549 0.000013          
2014  1 20  56677 0.02395 .00009 0.33737 .00009 -0.115715 0.000012          
2014  1 21  56678 0.02378 .00009 0.33822 .00009 -0.116948 0.000011          
2014  1 22  56679 0.02409 .00009 0.33902 .00009 -0.118220 0.000011          
2014  1 23  56680 0.02435 .00009 0.33994 .00009 -0.119502 0.000010          
