Determining if the pthread_create exist failed with the following output:
Change Dir: /home/spjy/cosmos/source/core/build/CMakeFiles/CMakeTmp

Run Build Command:"/usr/bin/make" "cmTC_dbd7d/fast"
/usr/bin/make -f CMakeFiles/cmTC_dbd7d.dir/build.make CMakeFiles/cmTC_dbd7d.dir/build
make[1]: Entering directory '/home/spjy/cosmos/source/core/build/CMakeFiles/CMakeTmp'
Building C object CMakeFiles/cmTC_dbd7d.dir/CheckSymbolExists.c.o
/usr/bin/cc    -o CMakeFiles/cmTC_dbd7d.dir/CheckSymbolExists.c.o   -c /home/spjy/cosmos/source/core/build/CMakeFiles/CMakeTmp/CheckSymbolExists.c
Linking C executable cmTC_dbd7d
/usr/bin/cmake -E cmake_link_script CMakeFiles/cmTC_dbd7d.dir/link.txt --verbose=1
/usr/bin/cc      -rdynamic CMakeFiles/cmTC_dbd7d.dir/CheckSymbolExists.c.o  -o cmTC_dbd7d 
CMakeFiles/cmTC_dbd7d.dir/CheckSymbolExists.c.o: In function `main':
CheckSymbolExists.c:(.text+0x1b): undefined reference to `pthread_create'
collect2: error: ld returned 1 exit status
CMakeFiles/cmTC_dbd7d.dir/build.make:97: recipe for target 'cmTC_dbd7d' failed
make[1]: *** [cmTC_dbd7d] Error 1
make[1]: Leaving directory '/home/spjy/cosmos/source/core/build/CMakeFiles/CMakeTmp'
Makefile:126: recipe for target 'cmTC_dbd7d/fast' failed
make: *** [cmTC_dbd7d/fast] Error 2

File /home/spjy/cosmos/source/core/build/CMakeFiles/CMakeTmp/CheckSymbolExists.c:
/* */
#include <pthread.h>

int main(int argc, char** argv)
{
  (void)argv;
#ifndef pthread_create
  return ((int*)(&pthread_create))[argc];
#else
  (void)argc;
  return 0;
#endif
}

Determining if the function pthread_create exists in the pthreads failed with the following output:
Change Dir: /home/spjy/cosmos/source/core/build/CMakeFiles/CMakeTmp

Run Build Command:"/usr/bin/make" "cmTC_c7b9a/fast"
/usr/bin/make -f CMakeFiles/cmTC_c7b9a.dir/build.make CMakeFiles/cmTC_c7b9a.dir/build
make[1]: Entering directory '/home/spjy/cosmos/source/core/build/CMakeFiles/CMakeTmp'
Building C object CMakeFiles/cmTC_c7b9a.dir/CheckFunctionExists.c.o
/usr/bin/cc   -DCHECK_FUNCTION_EXISTS=pthread_create   -o CMakeFiles/cmTC_c7b9a.dir/CheckFunctionExists.c.o   -c /usr/share/cmake-3.10/Modules/CheckFunctionExists.c
Linking C executable cmTC_c7b9a
/usr/bin/cmake -E cmake_link_script CMakeFiles/cmTC_c7b9a.dir/link.txt --verbose=1
/usr/bin/cc  -DCHECK_FUNCTION_EXISTS=pthread_create    -rdynamic CMakeFiles/cmTC_c7b9a.dir/CheckFunctionExists.c.o  -o cmTC_c7b9a -lpthreads 
/usr/bin/ld: cannot find -lpthreads
collect2: error: ld returned 1 exit status
CMakeFiles/cmTC_c7b9a.dir/build.make:97: recipe for target 'cmTC_c7b9a' failed
make[1]: *** [cmTC_c7b9a] Error 1
make[1]: Leaving directory '/home/spjy/cosmos/source/core/build/CMakeFiles/CMakeTmp'
Makefile:126: recipe for target 'cmTC_c7b9a/fast' failed
make: *** [cmTC_c7b9a/fast] Error 2


